;  LST file generated by mikroListExporter - v.2.0 
; Date/Time: 12-Dec-21 21:44:38
;----------------------------------------------

;Address Opcode 	ASM
0x0000	0x2815      	GOTO       21
_____DoICP:
0x0003	0x1283      	BCF        STATUS, 5
0x0004	0x0821      	MOVF       ___DoICPAddr+1, 0
0x0005	0x008A      	MOVWF      PCLATH
0x0006	0x0820      	MOVF       ___DoICPAddr, 0
0x0007	0x0082      	MOVWF      PCL
L_end_____DoICP:
0x0008	0x0008      	RETURN
; end of _____DoICP
___CC2DW:
_CC2D_Loop1:
0x0009	0x2003      	CALL       _____DoICP
0x000A	0x118A      	BCF        PCLATH, 3
0x000B	0x120A      	BCF        PCLATH, 4
0x000C	0x0080      	MOVWF      INDF
0x000D	0x0A84      	INCF       FSR, 1
0x000E	0x0AA0      	INCF       ___DoICPAddr, 1
0x000F	0x1903      	BTFSC      STATUS, 2
0x0010	0x0AA1      	INCF       ___DoICPAddr+1, 1
0x0011	0x03C0      	DECF       R0, 1
0x0012	0x1D03      	BTFSS      STATUS, 2
0x0013	0x2809      	GOTO       _CC2D_Loop1
L_end___CC2DW:
0x0014	0x0008      	RETURN
; end of ___CC2DW
_main:
0x0015	0x30C0      	MOVLW      192
0x0016	0x1283      	BCF        STATUS, 5
0x0017	0x008C      	MOVWF      _Tab
0x0018	0x018D      	CLRF       13
0x0019	0x30F9      	MOVLW      249
0x001A	0x008E      	MOVWF      14
0x001B	0x018F      	CLRF       15
0x001C	0x30A4      	MOVLW      164
0x001D	0x0090      	MOVWF      16
0x001E	0x0191      	CLRF       17
0x001F	0x30B0      	MOVLW      176
0x0020	0x0092      	MOVWF      18
0x0021	0x0193      	CLRF       19
0x0022	0x3099      	MOVLW      153
0x0023	0x0094      	MOVWF      20
0x0024	0x0195      	CLRF       21
0x0025	0x3092      	MOVLW      146
0x0026	0x0096      	MOVWF      22
0x0027	0x0197      	CLRF       23
0x0028	0x3082      	MOVLW      130
0x0029	0x0098      	MOVWF      24
0x002A	0x0199      	CLRF       25
0x002B	0x30F8      	MOVLW      248
0x002C	0x009A      	MOVWF      26
0x002D	0x019B      	CLRF       27
0x002E	0x3080      	MOVLW      128
0x002F	0x009C      	MOVWF      28
0x0030	0x019D      	CLRF       29
0x0031	0x3090      	MOVLW      144
0x0032	0x009E      	MOVWF      30
0x0033	0x019F      	CLRF       31
0x0034	0x1683      	BSF        STATUS, 5
0x0035	0x0185      	CLRF       TRISA
0x0036	0x0186      	CLRF       TRISB
0x0037	0x0814      	MOVF       _Tab+8, 0
0x0038	0x1283      	BCF        STATUS, 5
0x0039	0x0086      	MOVWF      PORTB
0x003A	0x0185      	CLRF       PORTA
0x003B	0x3001      	MOVLW      1
0x003C	0x0085      	MOVWF      PORTA
0x003D	0x081A      	MOVF       _Tab+14, 0
0x003E	0x0086      	MOVWF      PORTB
0x003F	0x0185      	CLRF       PORTA
0x0040	0x3002      	MOVLW      2
0x0041	0x0085      	MOVWF      PORTA
0x0042	0x080E      	MOVF       _Tab+2, 0
0x0043	0x0086      	MOVWF      PORTB
0x0044	0x0185      	CLRF       PORTA
0x0045	0x3004      	MOVLW      4
0x0046	0x0085      	MOVWF      PORTA
0x0047	0x081E      	MOVF       _Tab+18, 0
0x0048	0x0086      	MOVWF      PORTB
0x0049	0x0185      	CLRF       PORTA
0x004A	0x3008      	MOVLW      8
0x004B	0x0085      	MOVWF      PORTA
L_end_main:
0x004C	0x284C      	GOTO       $+0
; end of _main
Symbol List:
//** Routines locations **
//ADDRESS    SIZE    PROCEDURE
//----------------------------------------------
0x0003       [6]    _____DoICP
0x0009      [12]    ___CC2DW
0x0015      [56]    _main
//** Variables locations ** 
//ADDRESS    SIZE    VARIABLE
//----------------------------------------------
0x0000       [1]    INDF
0x0002       [1]    PCL
0x0003       [1]    STATUS
0x0004       [1]    FSR
0x0005       [1]    PORTA
0x0006       [1]    PORTB
0x000A       [1]    PCLATH
0x000C      [20]    _Tab
0x0020       [2]    ___DoICPAddr
0x0040       [1]    R0
0x0041       [1]    R1
0x0042       [1]    R2
0x0043       [1]    R3
0x0044       [1]    R4
0x0045       [1]    R5
0x0046       [1]    R6
0x0047       [1]    R7
0x0048       [1]    R8
0x0049       [1]    R9
0x004A       [1]    R10
0x004B       [1]    R11
0x004C       [1]    R12
0x004D       [1]    R13
0x004E       [1]    R14
0x004F       [1]    R15
0x0085       [1]    TRISA
0x0086       [1]    TRISB
